\BOOKMARK [1][-]{section.1}{Declaration}{}% 1
\BOOKMARK [1][-]{section.2}{Acknowledgements}{}% 2
\BOOKMARK [1][-]{section.3}{Abstract}{}% 3
\BOOKMARK [1][-]{section.4}{Introduction}{}% 4
\BOOKMARK [2][-]{subsection.4.1}{Purpouse}{section.4}% 5
\BOOKMARK [2][-]{subsection.4.2}{Aim and Objectives}{section.4}% 6
\BOOKMARK [2][-]{subsection.4.3}{Outline}{section.4}% 7
\BOOKMARK [1][-]{section.5}{Background}{}% 8
\BOOKMARK [1][-]{section.6}{Methodology}{}% 9
\BOOKMARK [2][-]{subsection.6.1}{Overview}{section.6}% 10
\BOOKMARK [2][-]{subsection.6.2}{Planning}{section.6}% 11
\BOOKMARK [2][-]{subsection.6.3}{Tools}{section.6}% 12
\BOOKMARK [2][-]{subsection.6.4}{Development}{section.6}% 13
\BOOKMARK [1][-]{section.7}{Testing}{}% 14
\BOOKMARK [1][-]{section.8}{Evaluation}{}% 15
\BOOKMARK [1][-]{section.9}{Conclusion}{}% 16
\BOOKMARK [1][-]{section.10}{References}{}% 17
\BOOKMARK [1][-]{section.11}{References}{}% 18
\BOOKMARK [1][-]{section.12}{Glossary}{}% 19
\BOOKMARK [1][-]{section.13}{Appendix}{}% 20
