latexindent version 3.0, a script to indent .tex files
	latexindent lives here: /usr/local/texlive/2016/texmf-dist/scripts/latexindent/
	Tue Mar 28 18:05:28 2017
Processing switches
	-w|--overwrite: Overwrite mode active, will make a back up of dissertation.tex first
Directory for backup files and indent.log: .
YAML settings read
	Reading defaultSettings.yaml from /usr/local/texlive/2016/texmf-dist/scripts/latexindent/defaultSettings.yaml
	Home directory is /home/hallagat (didn't find either indentconfig.yaml or .indentconfig.yaml)
	To specify user settings you would put indentconfig.yaml here: /home/hallagat/indentconfig.yaml
	Alternatively, you can use the hidden file .indentconfig.yaml as: /home/hallagat/.indentconfig.yaml
Backup procedure (-w flag active):
	copying dissertation.tex to ./dissertation.bak0
List of items: myitem|item (see itemNames)
looking for VERBATIM commands (see verbatimCommands)
looking for FILE CONTENTS environments (see fileContentsEnvironments)
	looking for filecontents*:1 environments
	FILECONTENTS environment found: filecontents\*
	replaced with ID: LTXIN-TK-FILECONTENTS1-END-LIN
	looking for filecontents:1 environments
	\begin{document} found in body (after searching for filecontents)-- assuming that a preamble exists
	Custom replacement text routine for preamble preamble
	preamble found: LatexIndent::Preamble=HASH(0x2c950b0)
	replaced with ID: LTXIN-TK-preamble1-END-LIN
	
	
	\begin{document}
	NOT storing LTXIN-TK-preamble1-END-LIN for indentation -- will store as VERBATIM object (see indentPreamble)
	storing LTXIN-TK-FILECONTENTS1-END-LIN for indentation (filecontents\* found outside of preamble)
Phase 1: searching for objects
	looking for ENVIRONMENTS
	looking for IFELSEFI
	looking for HEADINGS (chapter, section, part, etc)
	looking for COMMANDS and key = {value}
	looking for SPECIAL begin/end
Objects have been found.
Operating on: masterdocument
Number of children:
	10
Phase 2: finding surrounding indentation
Phase 3: indenting objects
Phase 4: final indentation check
Output routine
	Overwriting file dissertation.tex
--------------
Please direct all communication/issues to: 
	https://github.com/cmhughes/latexindent.pl
